Building DAG of jobs...
Your conda installation is not configured to use strict channel priorities. This is however crucial for having robust and correct environments (for details, see https://conda-forge.org/docs/user/tipsandtricks.html). Please consider to configure strict priorities by executing 'conda config --set channel_priority strict'.
Using shell: /usr/bin/bash
Provided cores: 4
Rules claiming more threads will be scaled down.
Provided resources: mem_mb=1000, disk_mb=1000
Select jobs to execute...

[Fri Nov  4 17:32:25 2022]
rule pycoqc:
    input: /nfs/turbo/umms-esnitkin/Project_ONT/Analysis/2021_11_30_ONT_snakemake/test_data/guppy_demultiplex/20210107_2213_MN35107_FAO13840_83e8e224/sequencing_summary.txt
    output: results/20210107_2213_MN35107_FAO13840_83e8e224/pycoqc/20210107_2213_MN35107_FAO13840_83e8e224.html
    log: logs/20210107_2213_MN35107_FAO13840_83e8e224/pycoqc/20210107_2213_MN35107_FAO13840_83e8e224.log
    jobid: 0
    reason: Forced execution
    wildcards: prefix=20210107_2213_MN35107_FAO13840_83e8e224
    resources: mem_mb=1000, disk_mb=1000, tmpdir=/tmp

Activating conda environment: .snakemake/conda/5d9676e57a8319b04629558c0a221d6e_
[Fri Nov  4 17:34:29 2022]
Finished job 0.
1 of 1 steps (100%) done
